<?xml version="1.0" encoding="UTF-8"?>
<!-- Generated by org.testng.reporters.JUnitReportReporter -->
<testsuite skipped="0" hostname="006-PC" name="homePage.TC002__VerifyRegistration" tests="1" failures="0" timestamp="05 Aug 2017 13:29:03 GMT" time="5.442" errors="0">
  <testcase name="registerUser" time="5.442" classname="homePage.TC002__VerifyRegistration"/>
</testsuite> <!-- homePage.TC002__VerifyRegistration -->
